Microsoft HTML Help Compiler 4.74.8702

Compiling d:\Doc\Delphi\TypeAndRun\Lang\Russian.chm

aboutprogram.htm
backaddress.htm
commandlineparams.htm
createaliases.htm
distrcontext.htm
faq.htm
historycreated.htm
hotkeys.htm
runaliases.htm
samples.htm
senks.htm
shareware.htm
systemperfomance.htm
working.htm

Compile time: 0 minutes, 1 second
14	Topics
33	Local links
6	Internet links
0	Graphics


Created d:\Doc\Delphi\TypeAndRun\Lang\Russian.chm, 77,809 bytes
Compression decreased file by 37,460 bytes.
